<?xml version="1.0" encoding="UTF-8"?>
<testsuite name="com.example.shop_module.app.restClient.RestProductClientTest" tests="5" skipped="0" failures="0" errors="0" timestamp="2023-01-18T12:21:04" hostname="ALISUS" time="0.034">
  <properties/>
  <testcase name="removeFronBucket()" classname="com.example.shop_module.app.restClient.RestProductClientTest" time="0.024"/>
  <testcase name="getById()" classname="com.example.shop_module.app.restClient.RestProductClientTest" time="0.002"/>
  <testcase name="getAllByParam()" classname="com.example.shop_module.app.restClient.RestProductClientTest" time="0.002"/>
  <testcase name="addProduct()" classname="com.example.shop_module.app.restClient.RestProductClientTest" time="0.002"/>
  <testcase name="addProductToBucket()" classname="com.example.shop_module.app.restClient.RestProductClientTest" time="0.001"/>
  <system-out><![CDATA[]]></system-out>
  <system-err><![CDATA[]]></system-err>
</testsuite>
